The application runs for a minute and gives an error "Oh no. Error running app"
How to set up "Allowed-message-origins" in config.toml file?
Transformers module not found
Exception only when Debugging in VSCode
"oh no" Error running app
Cannot see stack traces
Has somebody solved the session_state.messages error?
Support run from witihin python
Analytics not working
Multiprocessing leads to frequent app crashes
You need to enable Javascript to run this app！！！
Selenium Webdriver error
App suddenly not working?
Nginx setup WebSocket connection error with a subdomain name
App in local host not detecting change in source code
MSODBCSQL18 Streamlit Cloud Connection Error Does Not Recognize ACCEPT_EULA
ModuleNotfound error
Double clicking on the codesection in the docs causes whiteout
Print not works with steamlit on debian system
Connection to local Postgres - 'utf-8' codec can't decode byte 0xe3 in position 98: invalid continuation byte
UnboundLocalError: cannot access local variable 'text' where it is not associated with a value
St.image() not working, returns a DeltaGenerator() object
No such file or directory:
PyCharm debugging instructions does not work in Windows environment
How to resolve Error installing requirements?
KeyError: 'st.session_state has no key "$$GENERATED_WIDGET_ID--None". Did you forget to initialize it? More info:
Config.toml not being used in Google Cloud Run
IndexError: list index out of range
I have a loop inside a thread which should display 2 warnings, but it displays only one
I couldn't delete my project since delete is passive
App is not booting anymore
ValueError: The truth value of an array with more than one element is ambiguous
My app disappeared
Error deploying on the cloud
Runtime error when importing FAISS
Blank page
Error when switching between pages in app
Error after successfyllu deploying and running the app. No module named 'st_paywall'
Gio: http://localhost:8501: Operation not supported
ODBC Error
Pydantic validation error azure api connection
Help:when i use “os.system(command)”to run app instead of on terminal ,why the website opened several times(equals the number of python files)
Toml file can't connect with python file
Assertion key error
Error loading the model: No module named 'sklearn.neighbors._dist_metrics'
Facing issue while using image in Snowflake Native application
Command not found
What the error
Problem importing langchain
AppEngine Websocket error (AxiosError: Request failed with status code 404)
ModuleNotFoundError: No module named 'networkx'
St.forms is not allowing every time I open the app, the graphs and tables are displayed with a connection to google sheets
Facing ValueError: signal only works in main thread
Hacking font not posible in 1.27
Welcome guys problem for need
"No such file or directory" on initializing file attempt
Access to deck.gl extensions in pydeck?
Hello fails when trying on centos7
OSError on M1 via docker
Im receiving this error. what to do?
Real-time opencv application failed, CPU used up?
File "/mount/src/my-porto/app.py", line 58, in <module> st_lottie(lottie_coding, height=400, key="coding") TypeError: 'module' object is not callable
Vs code debug
Optuna, ZeroDivisionError: Weights sum to zero, can't be normalized
Import Local module while using AppTest - Error
Having trouble passing secrets to connection for Snowflake
No module named as 'sklearn'
IsADirectoryError: [Errno 21] Is a directory: 'src/'
App name flagged for profanity
Can't login with another gmail account
Getting TypeError after upgrading to Python 3.12.0
Issue re-routing Kubernetes deployed app
Snowflake LLM - IndexError: list index out of range
Error: Runtime instance already exists
vaderSentiment Module Not Found Error
Hello world doesn't work
Local ModuleNotFoundError
Hello there I need someone help me with this problem
Error installing requirements from requirements.txt
ModuleNotFoundError: No module named 'openai.api_resources'
Seeing issue on MAC M1
Image not displaying when i deploy
Embedding models and LlamaCPP models getting duplicated on load
Error running tensorflow model
ModuleNotFoundError with Pipenv and requirements.txt
Unable to locate package bs4
Cannot obtain tables from an sqlite3 database
Hello, I have an error here and tried many times, but I didn't fixed it so can anyone help me to fix it
Deployment wont running
New trouble Could not build wheels for tokenizers, which is required to install pyproject.toml-based projects
ValueError: One and only one of data and data_func must be set
I can't open private account
Error 403 on multiple account
I recently changed the repo name and can't control my app now
Deploying difficulties for my ConversationalAI
Slider raising "tuple not callable" error
Error in deploying
App crashes on phone
When will this disconnect happen and how to solve
My App is not working all of a sudden
Failed to establish a new connection: [Errno 61] Connection refused')
Error using sckit learn
Is this a problem on my computer?
Unable to re-establish the websocket connection
Printing in the terminal but not the The Sreamlit app
I am getting this error " TypeError: multipleApp.run() missing 1 required positional argument: 'self'"
Why do I get a key not initialized error when using data_editor with key set to "feeds"
Build-linux error
Pydeck downgrade observed in v1.26 & 1.27 compared to 1.25
AttributeError: 'NoneType' object has no attribute 'get'
Installation of Chromedriver and use of Selenium
Conversion rules for `rpy2.robjects` appear to be missing
Run app in browser from VSC Jupyter NB
How to retrieve the data from the database using pyodbc and sql server with python
Not being redirected according for authentication
AttributeError: Exception occured in `ProgressCallback` when calling event `before_validate`: 'NoneType' object has no attribute 'update'
HTTPError: HTTP Error 403: Forbidden
App hotel
SQL connection error due SSL (st.experimental_connection)
APP deployment fails
Getting several Y Finance errors
St.image bug?
How can oauth2client.service_account import ServiceAccountCredentials be used with secrets.toml and secret app settings?
Deleted app is reappearing
ERROR: Could not find a version that satisfies the requirement apturl==0.5.2 (from versions: none)
MS authentication opening on localhost
St.image() unable to open image from my pc
Dont show error messge (trace back) to the client user
Update issue
Adding item in data_editor produces "error during cell creation"
ModuleNotFoundError: for lottie file inclusion
We have encountered an unexpected problem
PDF Reader problems
Reboot error
Strealit version import error while running code
Terraform not found after listing Terraform in packages.txt
I can't run my app today
AttributeError: module 'matplotlib.cbook' has no attribute 'mplDeprecation'
Is 'import vertexai' possible?
Page displaying blank
Error trying to connect to MySQL db
Not able to call multiple Custom React Components
Facing issue when replicating code
Not possible to load origin data in st.data_editor
Problem in status autheticate
KeyError even when key is present
I have a network problem deploying my app
The project is done by me before 2 months and I deployed it using streamlit share then it worked well now when i opened it is giving this error
Error with pickle file
Something wrong with image
Data types error
Encoding error
Error when loading PDF file with LlamaIndex
Import cv2 error - September 2023
'NoneType' object is not subscriptabl
'NoneType' object is not subscriptable
I am getting in deploying my app
Error in browser but not in code
App crash even no one uses it
Bug with st_folium
Kindly to resolve this path not found error
Error while deploying app the file is present in my repo
Flow issue with the app
Error: KeyError: 'st.session_state has no key "messages"
SyntaxError: invalid syntax while using elif statement
Hiding tracebacks and errors doesn't work!
ImportError: Missing optional dependency 'openpyxl'. Use pip or conda to install openpyxl
ERROR: Could not find a version that satisfies the requirement portaudio (from versions: none)
Trouble instaling sklearn for pickle / joblib models
This is what happens when i try to deploy my app
Unauthorized. Sign up for a free account 403
Connection lost in local app
Incompatible version of 'pyarrow'
recomputation
Microsoft Clarity tracking analytics not working properly
Installer returned a non-zero exit code -- PyPy conflicts with Python
My apps are sleeping and It doesn't wake up
PermissionError: [Errno 13] Permission denied: '/home/adminuser/venv/lib/python3.9/site-packages/llama_index/readers/llamahub_modules'
Import Error during first run only - Refreshing will clear the import error
Large image dataset not loading and throws error as below Connection error Failed to process a Websocket message (RangeError: Invalid string length)
ModuleNotFoundError when importing scipy and pingouin modules
builtins.ValueError: signal only works in main thread of the main interpreter
ArrowInvalid: ("Could not convert dtype('int64') with type numpy.dtype[int64]: did not recognize Python value type when inferring an Arrow data type", 'Conversion failed for column dtype with type object')
MongoDB connection issue when deployed as app
ModuleNotFoundError: No module named 'faiss'
selenium.common.exceptions.WebDriverException
How to solve this: toml.decoder.TomlDecodeError?
Encounter Permission Error when my app install packages
PermissionError: [Errno 13] Permission denied /app of using llamaindex
Installer returned a non-zero exit code error during processing dependencies! please fix the error and push an update, or try restarting the app. main jyotsna susan/vnr index/main/vnr.py
I am a newbie here, anyone can help to solve this?
I am trying to deploy my app which consist of deta library but giving error modelnotfounderror
Package utils doesn't have gui module
_stcore/health doesn't change port when running on different port
Error trying to host app
Extract-msg module error python
FileNotFound Error in Deployed App
Full script run times are very inconsistant
MySQLInterfaceError: Python type numpy.int64 cannot be converted
Image not appearing
Face module not found error related to pickle?
Not able to find secrets.toml file
Getting error in self._secrets in using st.experimental_connection for duckdb
Problem creating Shareable links
ImportError: import cv2
Problem when calling OpenAI API - TIMEOUT ERROR
Error installing requirements. Please fix it
Yfinance not working
Custom Connections Problem with secrets.toml file
AttributeError: module 'numpy' has no attribute 'bool'
Excel file is treated as 'None type object
Problems with ffmpeg
Relative import path for utility module
How to remove depreciated warnings from application
Websocket State: PINGING_SERVER Event: CONNECTION_TIMED_OUT when deploying on AWS (Cloudfront+ALB+NLB+EC2)
Secrets.toml FileNotFoundError
Bad message format - 'setIn' cannot be called on an ElementNode
TypeError: 'module' object is not callable
NameError Handling
My deployment is taking more than 5 hours and still running
St.experimental_connection issues?
St.experimental_connection
Stuck in "your app is in the oven"
First App Deployment Error
OSError libespeak.so.1 cannot open shared object file No such file or directory
elementType 'alert' is not a valid arrowAddRows target!
Establishing My SQL connection using experimental connection method
App no load in smartphone
Check release notes in pypi
TypeError: time_input() got an unexpected keyword argument 'step' Traceback:
WARNING:tensorflow:No training configuration found in the save file, so the model was *not* compiled
AxiosError: Request failed with status code 403
NLTK not working
AttributeError: st.session_state has no attribute "key". Did you forget to initialize it?
Error: urllib.error.URLError:SSL
UnpicklingError: invalid load key, 'v'. someone please help me out this
Loading files (such as css) when app is being deployed - Error file not found
ImportError: DLL load failed while importing error: The specified module could not be found
Full error traceback
Got a error while running the app in Docker
Getting error when the message is entered
'utf-8' codec decode error when working with dictionary containing Chinese characters
How to disable alert “Your app is having trouble loading the component”?
InMemoryFileManager: Missing file
Import errors
I can't install the talib library
Cant get the output after applying some processing on img
I'm getting ServerSelectionTimeoutError when connecting to Mongodb Atlas
FileNotFoundError: Unsuccessful TensorSliceReader constructor
Not able to execute just two lines of codes
No runtime found, using MemoryCacheStorageManager
Error message only when run locally"Please open the URL for reading and pass the result to Pillow"
Analytics missing
ModuleNotFoundError: No module named ‘altair.vegalite.v4’
Bcrypt is not working in my app
My app used to work fine, untill recently it doesn't work!
ModuleNotFoundError: No module named 'torch'
Issue with instalation in Anaconda
Pyrebase Import throws Error
Slow app
Deployment error
Need help with "Error Failed to load PDF document"
protobuf::FatalException when trying to deploy Tensorflow model
Issue running a python function
ModuleNotFoundError: No module named 'azure' ___ (but the required module "azure-cognitiveservices-speech" is already in requirements.txt)
Please tell me how to solve error "NoneType' object has no attribute 'load_and_get_id"
App works on new .py file but error after closing and reopen
json.decoder.JSONDecodeError: This app has encountered an error
App is not responsing after server minitues
New app stuck in the oven
Facing issues! App showing github icon! how to remove it?
My app was working well, but after rebooting it is giving error about secret manager
Can't find an error
Impossible to delete old project
Fails to create unique keys in dict with lambda'ed widgets
Config.toml file not working when app is deployed
How to deploy app
Error regarding st.set_page_config
Unable to view integrated Webcam window
Python version
Thread 'ThreadPoolExecutor-8_0': missing ScriptRunContext
Which syntax should I follow establishing a SQL connection?
Unable to see logs for bad request
Error: Unrecognized type: "Duration" (18)
Runtime error
TypeError: object.__init__() takes exactly one argument (the instance to initialize) to design robot gui
Creating Wordcloud from Jupyter Notebook
Solve it with a $20 reward: Can not load model: OSError: Unable to open file (file signature not found)
'Secrets' object is not callable
Image not showing
Error 413 while operating
Paddleocr conflict, please kindly help
FB Prophet 1.1.1 sudden failure
UnboundLocalError: cannot access local variable 'select_space' where it is not associated with a value
Local testing yields OSError: Could not find a suitable TLS CA certificate
Issues with connection to Google Sheets
Please help me out with type-ahead - Works in localhost but not on cloud
Pyinstaller spec files
Config.toml do not apply after deployed
App is taking too long to deploy
How do i fix this TomlDecodeError?
Processing Error
Initialisation of ML model from Huggingface leads to lost connection
Deployment error due to version conflict of protobuf
Issues with color and palette
App 'Delete' option disabled
'XlsxWriter' object has no attribute 'save'
No module named 'gpt_index'
VSCODE isn't recognizing config.toml
Unable to connect to snowpark
Error installing requirements - protobuf
Problem
Server closing by itself from terminal
Encountering a DeltaGenerator error, which displays carbon_total as a long delta generator string
How do I play audio using an external JavaScript library? And why isn't it working?
Error after deployement
toml.decoder.TomlDecodeError: Empty value is invalid (line 3 column 1 char 25)
(always) rerun error
Set_page_config problem
Unable to open file(file signature not found)
Error https.client.Cannot.SendRequest: Deta database or Google Sheet API
Match: SyntaxError: invalid syntax
Too much blank on the left
AttributeError: Gensim 4.0.0
Error mol2vec
How i can solve this error
Need help with OneLogin auth integration
App.py not opening. please help
Rerun
New tab opens locally but not when deployed
Stuck on "... CONNECTING" after idling for a while
All-NaN slice encountered Error message
APP was OK but showed Error installing requirements today
Link to IP Allowlist Documentation is Broken
Error to connect SQL Server
Issues Running Codex Data Analyzer App
After Running Code White screen Showing iam getting mad
Not able to edit cell in experimental_data_editor
Unable to load my saved model using tensorflow keras
TypeError: 'str' object is not callable
Pip install
I got an error while deploying
What does ALLOWED_MESSAGE_ORIGINS actually do/mean?
Network URL not working on other computers
Error when running script
ModuleNotFoundError: No module named 'requests'
Frida+javascript:missing ScriptRunContext
Cant launch my app
Getting error : "Get http://localhost:8501/healthz: read tcp 10.12.1.11:44228->10.12.1.11:8501: read: connection reset by peer"
Error with f-strings and URLs
Help with JSONDecodeError
Diagnosing Websocket error (Failed to retrieve ForwardMsg (hash=c2c840...): Not Found)
Type Error: 'NoneType' object is not subscriptable
Unsuccessful install because of click 7.1.2
Intermittent syntax error
When I write the API response, the response has green text
Error in progress bar
Pythonista 3 IOS App
No module named 'playwright'
Multi-st.container with an error:"'setIn' cannot be called on an ElementNode"
New features are incomplete? Unable to achieve the function of st.experimental_data_editor
SyntaxError: download.py", line 26 ` ^ SyntaxError: invalid syntax
Error on report_thread
No such file or directory error
Connecting to mysql on Macbook M1 (pyodbc)
"Bad message format : i[o] is undefined" error with two containers
AttributeError: FULL
I am not able to access my app when using wifi network
ModuleNotFoundError: No module named 'cachetools'
Connecting to an API with win32com results in com_error after 30secs
You need to enable JavaScript to run this app
List.remove() doesn't behave as expected
St.balloon does not work on mobile
St.audio() stopped working on iOS Safari (again?)
mutlipage apps not working, no errors
OSError: Unable to open file (file signature not found)
How to download GeoJSON
Why can't the dataset be bigger than 50.00MB?
Converting object to pd.datetime went wrong, differ from I get in Jupyter notebook
I am getting this error when I am trying to run locally
Help to resolve: OSError: [WinError 10013] An attempt was made to access a socket in a way forbidden by its access permissions
Pydeck map not displaying data layer
Query port number
Websocket closed error
ModuleNotFoundError: This app has encountered an error. The original error message is redacted to prevent data leaks. Full error details have been recorded in the logs (if you're on Streamlit Cloud, click on 'Manage app' in the lower right of your app). T
Slider doesn't update
Connection error or takes very long to load on another network
Getting error connection timed out for my app
Installati
Connection timed out
Traceback error
Unable to Login error code 502
UnhashableTypeError: Cannot hash object of type _thread.lock, found in the arguments of get_price()
Problem on the results given by the code
how can i solve this error
Apps keeps resetting and loosing imported files. Need to start again
I keep getting error in installing requirements, error on installing ipython 8.0.1
Issues Installing stremalit
Struggling to install packages in custom-components package after the latest typescript 4.2.0 was included in packages.json
Webbrowser.open_new_tab() doesnt work on my app
Got an Error import click._bashcomplete
App working fine in incognito but takes forever to load otherwise
Error installing requirements: python-unsplash
Sqlite3.connect(' ')
Attribute Error: 'str' object has no attribute 'items'
Working with Jupyter Notebooks
Issue on some Python-Tensorflow Cloud - not visible in Desktopapp
Secrets.toml not Found
UnhashableType: Cannot hash object of type _thread._local
LSTM issue
SyntaxError: File "<string>", line 1 pa.SkinColor.None ^ SyntaxError: unexpected EOF while parsing
Module Not Found Error "tensorflow" and "pytorch" for installed modules
ModuleNotFoundError: No module named 'shapely'
'utf-8' codec can't decode byte 0xff in position 0: invalid start byte
Module Not Found Error : 'NLTK' module
RuntimeError: stack expects a non-empty TensorList
AttributeError: 'KMeans' object has no attribute 'labels_' with pytorch
Deployed app won't load ‘Please wait’… message
KeyError `warnings`
I deleted an deployed app and then I am stuck with this error , I have no idea how to fix it or even what is it since it doesn't say anything specific
Pip env install instructions not working on Mac (toml and Plotly not found)
Getting Raw python error for converted Jupyter Notebook code
Sudo command not found
ImportError: cannot import name 'Markup' from 'jinja2'
OpenAI error in when it comes to install
Subprocess is not executing Colab ipynb file
DeltaGenerator always appearing at the end
Widget failing to delete
Version 1.15. returns error
SyntaxError: Invalid Syntax Query
AttributeError: 'NoneType' object has no attribute 'message_types_by_name'
ModuleNotFoundError: No module named 'sklearn' and 'matplotlib'
Error when running the python file
My app gone to sleep and when I tried to wake it up it isn't waking up. It's showing error
ModuleNotFoundError sklearn.neighbors
Installing Google firestore and its issue
Can't get attribute 'DetectionModel' on <module 'models.yolo' from
❗️ Please fix the errors, push an update to the git repo, or reboot the app
Why can I not run JavaScript using components.html?
I am not able to deploy my app through remote server however it was working fine with local system
ImportError: DLL load failed while importing lib:
Fixing Port number
Couldn't run the app
Goolge API Request: Authorization Error 400: invalid_request
Network 404 Not Found
Google Sign in
Problem launching app (pyparsing AttributeError)
Getting blank page and "Cannot read properties of undefined (reading 'map')" in JS
After upgrade to the latest version now this error id showing up **ArrowInvalid**
OperationalError: ('08001', '[08001] [Microsoft][ODBC Driver 17 for SQL Server]
Text to speech conversion error
Cannot read properties of undefined (reading 'setIn')
Help with st.success and st.errors
While developing the app, import clipboard or pyperclip doesn't work
Protobuf 3.20.1 which is incompatible
Error message : Data leaks
Stuck/Hanging on While loop
Running connect() stuck in loop
St.camera_input cannot be used after it is deployed on the server
Error 500
Error running application
Unable to find the module written by myself
How to run my code from Pycharm and see it as a desktop app?
OperationalError: attempt to write a readonly database
TOML Error
Requirement Satisfied, but ModuleNotFound
ImportError: DLL load failed while importing lib: The specified procedure could not be found
Multipage app not running st.set_page_config when going directly to subpage
Error during installation
Script Execution Error Pop Up
Problems with selenium
A st.snow() bug
ModuleNotFoundError on matplotlib when running the app
An Swap: Error Code: Out of Memory
St_folium gives an import error
Site only displays “Please wait” for VPN and International
ModuleNotFoundError:No module named 'st_aggrid'
Launching from a Python script fails since 1.12.0
ValueError
Can not select usb camera - Component Error
Shows blank page but server is running
ImportError: libGL.so.1: Trying to run an app that uses opencv and pickle file for image classification
St.error appear to be faded
ModuleNotFound Error in easyocr
Problem with threading and Microsoft's speech SDK
"Your App is in the oven" page stuck
Saving a figure to file - Error with QApplication and QObject::startTimer
Unable to record a screencast Chrome, Firefox
1.12.1: replacement technique for my debug method?
Can’t predict with Keras model
Not getting the contents displayed
St.cache error on np.mgrid
Error Dissabling Issue
Content Decoding Error
Getting error while installing package
Issue with installation
Errors
ImportError: cannot import name 'COMError' from '_ctypes' (/usr/local/lib/python3.8/lib-dynload/_ctypes.cpython-38-x86_64-linux-gnu.so)
Connection Error: Failed to process a WebSocket message
Bad Message Format : 'setIn' cannot be called on an ElementNode
Pass data to app.py
ProgrammingError: SQLite objects created in a thread can only be used in that same thread. The object was created in thread id 14408 and this is thread id 2776
TypeError: metaclass conflict: the metaclass of a derived class must be a (non-strict) subclass of the metaclasses of all its bases
How to disable warning message when starting as Python script
Messagesize Error
Deploy the web application that only works with my local database
How to interact with python?
Unable to install turtle library
Troubleshoot audio error
Hyperlinks in gb.configure_column stopped working
Issue with conda environment file
ValueError: The truth value of an array with more than one element is ambiguous. Use a.any() or a.all()
Reappering Error: ModuleNotFoundError
TypeError: path should be path-like or io.BytesIO, not <class 'NoneType'>
Trouble with Docker
ModuleNotFoundError: No module named 'torchvision'
Error using st.cache
Deployment Error (sklearn)
Bug with Python library : language_tool_python
Model returns NaN values when deployed
Localhost web app credentials error message
Map error-NY motor vehicle collision
Error while creating an login form
Localhost on WSL2
File not in directory Error
Help on the error
Oh no. Error running app in after deployment
Problem deploy the app
FileNotFoundError: [Error 2] No such file or directory: 'sudo': 'sudo'
RuntimeError: no running event loop
[FIXED] App DOESN'T run locally, DOES run on cloud :/ (Using snowflake tutorial)
Please Help in an error regarding installing packages
It starts normally on the server, but the URL cannot be accessed from another computer
Numexpr.utils: Note: NumExpr detected 16 cores
How to import module with number prefix
Google api spreadsheet issue
St.camera_input detects camera locally but not on deployed app
To_vaex issu
Splitting app throws error
Components.v1 html error
Application that works in local but not online, I can't find any explicit reason
App deployment is failing by never loading a page
APP ERROR: Whoops — something went wrong! An error has been logged
ValueError: could not convert string to float: '24/03/2019'
Load_data is not executing, pls help. I need it asap
Pytest returning KeyError: 'Unknown descriptor pool'
Stuck on App Deployment
Is there a bug in the library of altair?
Learner.load(path) is taking over an hour to run!
UnhashableTypeError: Cannot hash object of type _json.Scanner
使用python3.10的pip安装streamlit失败，麻烦大神帮忙看一下
Create python function with arguments and return objects
ModuleNotFoundError: No module named 'skimage'
UnpicklingError: invalid load key, '\xef'
Tornado/websocket.py error on 0.71.0 and 0.72
Installing ST (dev) locally for Bokeh ver bump PR
Suddenly getting error after 1 Year
App works fine on desktop but not on mobile
NameError: name 'base64' is not defined
Trying to use new test enviroment
Error does not seem to be in my code
Did not auto detect external IP
Issue with os.chdir() in Version 1.10.0
App is in running mode but does not complete
Tensorflow incompatibility
Error in my project
Integrate audio from a numpy array
'apache-arrow' module not found error
ModuleNotFoundError: Module named 'torch' not found
Error with an empty line of code
Can't run multiapps
Error while deploying the app
Can't pick Python3.8 in Advanced Settings
ModuleNotFoundError: No module named 'cv2'
Error displaying video
Unable to set Title properly
Set page config error on loading app or returning to main that disappears on refresh
Error after running my summarizer app
Can't print a quiz on my webapp, it either doesn't display or displays in Pycharm
Error during deployment
Unable to get correct ML prediction with saved JSON
Failure error
App crashing on Cloud
St.columns stopped working on my app
Import error accessing an excel file in my repository
Getting error for trying to deploy news app python
FileNotFoundError: [Errno 2] No such file or directory: 'static/player_stats_initial.csv'
Change target=_blank to target _self
TypeError: unhashable type: 'numpy.ndarray'
InternalHashError
Module not found ReportThread
ModuleNotFoundError despite simple requirements.txt present
Viewing pm4py image rendering AttributeError: 'NoneType' object has no attribute 'read'
Symbol not found: ____chkstk_darwin ImportError
JSONDecodeError: Expecting value: line 1 column 1 (char 0)
Error in Secret Keys
HTML file couldn't be rendered with components.html
Value Error
Unable to Install the below pacakges
Trying to send data to my telegram bot
Catching "Your app is having trouble loading the ..." warning in Python
Challenges with pydeck reading csv
"Server error [A10]: Unable to create app"
Not able to add state to my app
AttributeError: 'NoneType' object has no attribute 'update'
Cannot hash thread.RLock for secrets.toml
RerunException
TypeError: unsupported operand type(s) for -: 'datetime.datetime' and 'datetime.date'
Running my app on windows
Error Message
IndexError: Read less bytes than requested
ModuleNotFoundError NLTK
Download-Button works on first click, creates "unsupported browser" message on second, then works again...?
Getting error: RuntimeWarning: Unexpected end-group tag: Not all data was converted
TomlDecodeError: Key group not on a line by itself
Downloading 3D numpy arrays
Handle 404 error in code
My project stopped working
Probleme to connect to Flask API
Ignore error while generating pdf
Stuck in the Oven unable to know the issue
Iframe refused to connect
Displaying video frames through st.empty() is not working on Google Colab
TypeError: 'module' object is not subscriptable
Implementing cache using mysql.connector. Shows Type Error
Not Showing the main() function (going blank without error)
NLTK error on deployment | Module cannot be found
Datetime Index without Timezone will give error
Help with "UnpicklingError: invalid load key, 'v'."
What is the error with my project? This is my first time doing this
ImportError in linux
`st.audio` - player renders but won't play
Module not found pandas profiling error message
How to solve error: zsh: illegal hardware instruction
NameError: name 'pydub' is not defined
Quick restart problem
Another error running app question
OSError: [WinError 10013] An attempt was made to access a socket in a way forbidden by its access permissions
Conda not activate in cmd
"Failed to load resource" when using components.html
pymongo.errors.ServerSelectionTimeoutError | Setting up MongoDB
Error running app
json.decoder.JSONDecodeError
Server Error A10 Unable to Create App
St.secrets["postgres"] is throwing invalid directory on windows
Myapp.py not displaying in browser
AttributeError: 'KMeans' object has no attribute '_n_threads'
Cannot Mix List and non-list, non-null values
Error installing
App crashing unexpectedly without relevant logs
Disable error message
Upgrading faceGAN demo to run on Python 3.8
FileNotFoundError: [Errno 2] No such file or directory: 'gender_submission.csv'
Showing error in one part of my project after deployment
My app stuck is stuck in the oven
Language Translator app is throwing up an error regarding JSONDecode
Winerror 10013 an attempt was made to access a socket in a way forbidden by its access permissions
St.map() error
Error deploying my app: NoModule called Psycopg2
Image read error
St.table() does not match the documentation
ValueError: Unknown graph. Aborting
UnhashableTypeError: Cannot hash object of type _thread.RLock, found in the arguments of establish_connection()
TypeError:"Module" Object is not callable
No module named 'xgboost' when using pickle
Component directory error after uploading component to testpipy
Why my app just keep running forever without any output even locally
Wordcloud error
StreamlitAPIException: Unable to convert numpy.dtype to pyarrow.DataType
ModuleNotFoundError: No module named '_bz2'
ModuleNotFoundError: No module named 'wfdb'
Subprocess not working
App is not loading: STATUS_BREAKPOINT error
Fetch data from sql database using Pypdbc package
Error reading file after deployment
RerunException problem every time I rerun my app
Problem with deploying
New Account
AttributeError: 'NoneType' object has no attribute 'assign_session'
toml.decoder.TomlDecodeError: Key group not on a line by itself. (line 1 column 1 char 0)
AttributeError: 'NoneType' object has no attribute 'total_seconds'
DLL load failed while importing _imaging - module not found
St.experimental_memo TypeError: cannot pickle 'weakref' object
Error: the app never loads
Numpy geomspace gives error
Problem launching the app in my browser
Strange artifacts while code runs
ModuleNotFoundError: No module named 'contractions'
My Stremlit Project is not showing up any result on the page that is opened after running it through Command Prompt
Plost installation error
Problem with connecting to Github
App loading problem
'Python-only' assembled components
Component Error Invalid or unexpected token
How to import ib_insync?
Module not found error
Error deploying my app on Heroku
Error
Error A15
Help with accessing SQLite database in Github Repo
[Solved] Error when accessing cached database via dependency injection
How to suppress warning during direct python running?
Production deployment a la Flask/Gunicorn
DatabaseError SQLite3 in my app
App is not showing anything
A3 error- unable to update user
Git pull failed while deploying
My translation app is not working
PermissionError
Stuck in the Oven
Still have when sign in Error
Webapp goes blank
toml.decoder.TomlDecodeError: Key group not on a line by itself. (line 2 column 1 char 1)
Ignore an alert: 'Bad message format'
Error running app -> resources limits
Please wait... connecting: I get this message when sharing over the network
About path of config.toml file
Exceptions display
ArrowTypeError: ("Expected bytes, got a 'dict' object", 'Conversion failed for column place with type object')
Possible bug in app start message
St.metric error
__main__.gera_grafico(w1, mostrar_curvas) No docs available
Object of type 'bytes' is not JSON serializable
ZeroDivisionError: float division by zero for Mathematical Calculation
Application that works in local but not online
Slider does not work with dates older than 1st february 1970
What should be the requirements.txt for easyocr
Deploying app in ibm cloud
Segmentation fault (core dumped) when load my pytorch model to cpu device
Import googlemaps ModuleNotFoundError: No module named 'googlemaps'
ModuleNotFoundError: No module named 'gekko'
`missing ReportContext` warning when using apscheduler's `BackgroundScheduler`
TypeError: _translate() missing 2 required positional arguments: 'sparse_index' and 'sparse_cols'
Image not displaying
I am getting this error i need help :/
Handling Exception Error
Errno2 No such file or directory
Dtype conversion error in V0.85 of the recent Pyarrow migration
Holoviews not working
RuntimeError: There is no current event loop in thread 'ScriptRunner.scriptThread'
Could not read from remote repository
Hang/infinite loop when calling from Python
Error in Web App
Facing issue in the deployment part
Error unpickling model
Error after installing new version (84)
Unable to identify why App crashes after succesful deployment and usage
Blindly following setup instructions
I’d really appreciate help with this error running hello.py. I can’t find a solution to this error. I have tried upgrading, re-installing, and starting a clean environment: I even upgraded jinja2
Cannot deploy app, and the app crashes every time
TypeError: __cinit__() takes at least 2 positional arguments (0 given)
RuntimeError: Data of size 107.9MB exceeds write limit of 50.0MB
UnidentifiedImageError: cannot identify image file <_io.BytesIO object at
App not working. HTTP Error 404
Trying to send emails from my app, getting the error "'Series' object has no attribute 'encode'"
Empty PDF when trying to Copy my Page
Color invert conversion error
PDFPageCountError: Unable to get page count. pdfinfo: error while loading shared libraries: liblcms.so.1: cannot open shared object file: No such file or directory
An error after deployment of my code in heroku but beffore it was completely fine
JSONDecodeError: Expecting value: line 2 column 1 (char 1)
Pytrends & google oauth2
How can I reboot My APP automatically with code once i got an error please provide the solution
Tree() argument 2 should be a list, not a string
ModuleNotFoundError
"sidebar" is not a known member of module
Can I Install GPU version Pytorch in the app?
Connection refused error with prometheus
Displaying audio file fails with "TypeError: 'bytes' object is not callable"
Bug
deprecation.showImageFormat IS NO LONGER SUPPORTED
How to connect to sqlite database in a private repo
Urlretrieve permission denied
How to Resolve Error?
Unable to link to new Github account
UnpicklingError: invalid load key, 'v'
OSError: Can't read data
Connect to a database
RuntimeError: Data is outside [0.0, 1.0] and clamp is not set
I get an Runtime Error when pulling data from server
Bokeh demo doesn't work in the latest release 0.81.0
Check for errors using request.get()
I don't know how to describe my problem
How to get the visit source url to find out the visit is valid or invalid?
Connection timeout while waiting for model to return the result
App deploys but nothing happens
Scispacy error
Deploying my first app yet very confused
Generating word cloud, doesnt display on the app
Bad message format, Tried to use SessionInfo before it was initialized
Problems with Bokeh demo
No module named 'gensim.summarization'
Reflected Cross-Site Scripting (XSS) error
AttributeError: 'str' object has no attribute 'decode' Can anybody please help me with this error. I am unable to clear it
C++ error when trying to install
Background workers not stopping
Cannot import name 'div' from Annotated Text component?
TypeError: a bytes-like object is required, not 'Tensor'
Site wont stop rerunning
Documentation API missing
No attribute 'today'
I have a problem , please help me
Torch.hub.load custom model
Bad message format - tried to use SessionInfo before it was initialized
FileNotFoundError: [Errno 2] No such file or directory: Image
Import error
Stop script when there is error
Xgboost not found when the app is deployed
Name "variable" is not defined 
If the process takes a long time, "connection timed out" will occur
Error in accessing the saved model from git
TypeError: object cannot be converted to an IntegerDtype
Screencast Recording issue
Trying to deploy TF2 Object detection model fine tuned for custom data using MobilenetV2 SSD model
RuntimeError: Server has not been initialized yet
AttributeError: 'JpegImageFile' object has no attribute 'apply_tfms'
Yolov5 error
Pip install does not work for one package on the site
Loading Keras models
EmptyDataError: No columns to parse from file
Warning agraph component
What does this error mean
ValueError: signal only works in main thread
LinAlgError: SVD did not converge in Linear Least Squares
'Please wait'... message
Issue with threading: text not displayed
Error with cache
ModuleNotFoundError Pycharm Windows import own modules
St.beta_columns error
What is this error I am getting when building my time series analysis?
My deployed app got deleted and Server Error [A10]
KeyError 118
KeyError: "None of [Index(['Property_Type', 'Beds', 'Baths', 'Toilets', 'Property_attribute',\n 'State'],\n dtype='object')] are in the [columns]" when using pycaret
Bad message format - Bad 'setIn' index 9 (should be between [0, 4])
Tunnel Not Found while working on google colab
St.info not working
Unable to update user
ERROR: Command errored out with exit status 1: python setup.py egg_info Check the logs for full command output
Mapbox Token and config.toml file
Error when deploying the model
Error Dissabling
ModuleNotFoundError: No module named nltk'
I cant get a prediction return on my web application
App stops running after a few minutes
Error "No value for argument 'body' in method call" VS Code
Deploying NBA app in heroku, error HTTPSConnectionPool, Read Timed out
Cannot upload zipped model and weights for LudwigAI app
Using CentOS Getting an error
Using CentOS Installation
Error occured when using sidebar
Getting UnpicklingError: invalid load key, 'v'
Python 38-32
Problem deploying. sidebar options load but no output response
How to put the python weight path in github .py file
Getting error
ImportError: libGL.so.1: cannot open shared object file:
Mapbox token set, but cannot see mapbox layer
Can't import local packages to my main app
MinMaxScaler from sklearn throwing error after deployment
Git issues and healthz api duplication
Logistic Regression object is not callable
ConnectionError with flask server
"ERR: Too Many Connections" - Issue w. app on a GPU enabled Colab + Ngrok
Access app errors in pytest
Train the model on colab and use it in local
tornado.websocket.WebSocketClosedError with version 0.69
Error: Request failed with status code 500
Illegal instruction
Error while upgrading from 0.67 to 0.68
SQLITE OperationalError: attempt to write a readonly database
Imapclient TypeError
TypeError: object of type 'HTTPConnection' has no len()
Error running script cache_on_button_press.py in Windows 10
TypeError when using pycaret rule mining
Error DeltaGenerator
ImportError: DLL load failed: The specified procedure could not be found - Tried all discussion tips
Dead from the start
Bug in version 0.66
Trouble with st.audio in Safari
Installation with python 3.8 for versions > 0.62.0 stopped working
Spacy span class object not hashable
How to connect to Google Drive through Google Colab
Error after upgrade to 0.69 runpy.py
Href in html and markdown > on link click > Connection refused
Module Not Found: Pendulum
Error while setting ray/Impala configuration
Check, uncheckbox error
St.video() issue - mp4 won't play on apple device
InternalHashError: 1 - DF readin @st.cache bug
Pre-Trained Custom Pytorch model not loading for use
Remote access problem
Connection failed with status 0
KeyError: <class 'numpy.float64'>
TypeError: ‘<’ not supported between instances of ‘str’ and 'Timestamp’
Issues with pyodbc cursor with multiple users
Why I see the comments in the py file in the browser where I display the results?
ZeroDivisonError error when I divide a number by the length of a list
UnhashableTypeError: Cannot hash object of type _thread.lock, found in the body of load_detector_model(). While caching the body of load_detector_model(), Streamlit encountered an object of type _thread.lock, which it does not know how to hash
AttributeError: 'NoneType' object has no attribute 'tell'
Video to numpy array
Can't run "yarn start"
Nightly builds stopped at 20200805
AttributeError: '_thread._local' object has no attribute 'value'
Duplicate WidgetID Error
FileNotFoundError: [Errno 2] File ../OUTPUT/spotify.csv does not exist: '../OUTPUT/spotify.csv'
Problem with displaying a recorded video
Tutorial Typos
ModuleNotFoundError: No module named 'blinker'
Hash_funcs don`t support typing objects
ERR_CONNECTION_REFUSED - Google Chrome
ImportError: cannot import name 'ssl' from 'urllib3.util.ssl_' (/usr/local/lib/python3.7/site-packages/urllib3/util/ssl_.py)
“The connection has timed out” on External URL
Cannot view the app in browser
Error Mesage
No Code app
Pymongo - UnhashableTypeError
"The connection has timed out" on External URL
Why I'm not getting any output, using Pycharm IDE, Jupyter notebook?
multiprocessing.dummy.Pool
Dealing with the RangeError on `st.slider`?
ImportError: DLL load failed: The specified module could not be found - While importing pydeck
MemoryError
ModuleNotFoundError: No module named 'pkg_resources'
Unable to install on OSX (10.15.5)
In st.write() : TypeError: exception() takes 3 positional arguments but 4 were given
Nothing shows on the browser when using "write" or "title" function, beginner using VS code 1.45.1, streamline 0.61.0, python 3.7.3 and Safari
Bad marshal data (unknown type code)
I'am not able to Record a screencast
Embedding Youtube failed
Error when using a package
Error in importing several libraries
No cuda available
Altair : Duplicate signal name: "selector080_columnName"
Error deploying Awesome-streamlit via gitlab CI (Running setup.py develop for awesome-streamlit; ERROR: Command errored out with exit status 1:)
Error while running Plotting Demo
TypeError: exception() takes 3 positional arguments but 4 were given
Port forwarding issues
ImportError: DLL load failed: The specified procedure could not be found
ImportError: DLL load failed: The specified module could not be found
ImportError:
ValueError: could not convert string to float
Why my terminal cant run
Time.sleep() weirdness
Import cv2
Aws address does not connect
Unable to install library ( Windows 10, PyCharm , Anaconda )
The page cannot support the display of 120,000 records
Work with Anaconda environment?
Getting this error when attempting to explore datasets
Is there a hack to give sympy support?
DLL Load Failed - Pandas Profiling
Multiclass format is not supported - PyOD
Config in Windows Conda Environment
Error when I try and cache Keras
TypeError: Object doesn't support property or method 'forEach'
How to create an ephemeral "Failure" message?
Fatal error in launcher: Unable to create process
A valid API access token is required to use Mapbox data
Error of running demo
RandonForestClassifier object is not callable
Restore() missing 1 argument
UnicodeDecodeError
How to load tfhub module
How to drop into a repl for debugging?
Audio.py example with TypeError
SyntaxError: invalid syntax
How can you (py-)test your code?
'gbk' codec can't decode byte in position
St.audio not working
Connection Error. This demo requires internet access
On refresh, database app errors out
Permission errors when running demo-self-driving
